<?xml version="1.0" encoding="UTF-8"?>
<!-- Generated by org.testng.reporters.JUnitReportReporter -->
<testsuite hostname="2013-20160323DP" name="com.jiedaibao.test.TestPromoterApply" tests="1" failures="0" timestamp="14 Jun 2016 07:19:19 GMT" time="14.949" errors="0">
  <testcase name="testCompanyPromoterApply" time="14.949" classname="com.jiedaibao.test.TestPromoterApply"/>
</testsuite> <!-- com.jiedaibao.test.TestPromoterApply -->
