<?xml version="1.0" encoding="UTF-8"?>
<!-- Generated by org.testng.reporters.JUnitReportReporter -->
<testsuite hostname="2013-20160323DP" name="com.jiedaibao.test.TestPromoterApply" tests="1" failures="0" timestamp="15 Jun 2016 11:35:27 GMT" time="14.678" errors="0">
  <testcase name="testPromoterLink" time="14.678" classname="com.jiedaibao.test.TestPromoterApply"/>
</testsuite> <!-- com.jiedaibao.test.TestPromoterApply -->
