<?xml version="1.0" encoding="UTF-8"?>
<!-- Generated by org.testng.reporters.JUnitReportReporter -->
<testsuite hostname="2013-20160323DP" name="com.jiedaibao.test.TestAAA" tests="1" failures="0" timestamp="12 Jun 2016 03:01:54 GMT" time="14.436" errors="0">
  <testcase name="testFunction" time="14.436" classname="com.jiedaibao.test.TestAAA"/>
</testsuite> <!-- com.jiedaibao.test.TestAAA -->
