<?xml version="1.0" encoding="UTF-8"?>
<!-- Generated by org.testng.reporters.JUnitReportReporter -->
<testsuite hostname="2013-20160323DP" name="com.jiedaibao.test.TestPCIndex" tests="1" failures="0" timestamp="14 Jun 2016 03:59:08 GMT" time="102.272" errors="0">
  <testcase name="testFunction" time="102.272" classname="com.jiedaibao.test.TestPCIndex"/>
</testsuite> <!-- com.jiedaibao.test.TestPCIndex -->
